Mon, 07 Aug 2023 08:40:26 GMT
Incorrect username or password
----------------------------------------------------------------------------------------------------
Mon, 07 Aug 2023 08:48:19 GMT
connect ECONNREFUSED ::1:3306
Stack: Error: connect ECONNREFUSED ::1:3306
    at TCPConnectWrap.afterConnect [as oncomplete] (node:net:1494:16)
    --------------------
    at Protocol._enqueue (C:\Dave_FullStack\..Projects\Secure Coding\Backend\node_modules\mysql\lib\protocol\Protocol.js:144:48)
    at Protocol.handshake (C:\Dave_FullStack\..Projects\Secure Coding\Backend\node_modules\mysql\lib\protocol\Protocol.js:51:23)
    at PoolConnection.connect (C:\Dave_FullStack\..Projects\Secure Coding\Backend\node_modules\mysql\lib\Connection.js:116:18)
    at Pool.getConnection (C:\Dave_FullStack\..Projects\Secure Coding\Backend\node_modules\mysql\lib\Pool.js:48:16)
    at Pool.query (C:\Dave_FullStack\..Projects\Secure Coding\Backend\node_modules\mysql\lib\Pool.js:202:8)
    at C:\Dave_FullStack\..Projects\Secure Coding\Backend\src\2-utils\dal.ts:13:20
    at new Promise (<anonymous>)
    at Object.execute (C:\Dave_FullStack\..Projects\Secure Coding\Backend\src\2-utils\dal.ts:12:12)
    at Object.<anonymous> (C:\Dave_FullStack\..Projects\Secure Coding\Backend\src\5-services\auth-service.ts:30:29)
    at step (C:\Dave_FullStack\..Projects\Secure Coding\Backend\src\5-services\auth-service.ts:33:23)
----------------------------------------------------------------------------------------------------
Mon, 07 Aug 2023 08:48:23 GMT
connect ECONNREFUSED ::1:3306
Stack: Error: connect ECONNREFUSED ::1:3306
    at TCPConnectWrap.afterConnect [as oncomplete] (node:net:1494:16)
    --------------------
    at Protocol._enqueue (C:\Dave_FullStack\..Projects\Secure Coding\Backend\node_modules\mysql\lib\protocol\Protocol.js:144:48)
    at Protocol.handshake (C:\Dave_FullStack\..Projects\Secure Coding\Backend\node_modules\mysql\lib\protocol\Protocol.js:51:23)
    at PoolConnection.connect (C:\Dave_FullStack\..Projects\Secure Coding\Backend\node_modules\mysql\lib\Connection.js:116:18)
    at Pool.getConnection (C:\Dave_FullStack\..Projects\Secure Coding\Backend\node_modules\mysql\lib\Pool.js:48:16)
    at Pool.query (C:\Dave_FullStack\..Projects\Secure Coding\Backend\node_modules\mysql\lib\Pool.js:202:8)
    at C:\Dave_FullStack\..Projects\Secure Coding\Backend\src\2-utils\dal.ts:13:20
    at new Promise (<anonymous>)
    at Object.execute (C:\Dave_FullStack\..Projects\Secure Coding\Backend\src\2-utils\dal.ts:12:12)
    at Object.<anonymous> (C:\Dave_FullStack\..Projects\Secure Coding\Backend\src\5-services\auth-service.ts:30:29)
    at step (C:\Dave_FullStack\..Projects\Secure Coding\Backend\src\5-services\auth-service.ts:33:23)
----------------------------------------------------------------------------------------------------
Mon, 07 Aug 2023 08:48:28 GMT
connect ECONNREFUSED ::1:3306
Stack: Error: connect ECONNREFUSED ::1:3306
    at TCPConnectWrap.afterConnect [as oncomplete] (node:net:1494:16)
    --------------------
    at Protocol._enqueue (C:\Dave_FullStack\..Projects\Secure Coding\Backend\node_modules\mysql\lib\protocol\Protocol.js:144:48)
    at Protocol.handshake (C:\Dave_FullStack\..Projects\Secure Coding\Backend\node_modules\mysql\lib\protocol\Protocol.js:51:23)
    at PoolConnection.connect (C:\Dave_FullStack\..Projects\Secure Coding\Backend\node_modules\mysql\lib\Connection.js:116:18)
    at Pool.getConnection (C:\Dave_FullStack\..Projects\Secure Coding\Backend\node_modules\mysql\lib\Pool.js:48:16)
    at Pool.query (C:\Dave_FullStack\..Projects\Secure Coding\Backend\node_modules\mysql\lib\Pool.js:202:8)
    at C:\Dave_FullStack\..Projects\Secure Coding\Backend\src\2-utils\dal.ts:13:20
    at new Promise (<anonymous>)
    at Object.execute (C:\Dave_FullStack\..Projects\Secure Coding\Backend\src\2-utils\dal.ts:12:12)
    at Object.<anonymous> (C:\Dave_FullStack\..Projects\Secure Coding\Backend\src\5-services\auth-service.ts:30:29)
    at step (C:\Dave_FullStack\..Projects\Secure Coding\Backend\src\5-services\auth-service.ts:33:23)
----------------------------------------------------------------------------------------------------
Mon, 07 Aug 2023 08:48:31 GMT
connect ECONNREFUSED ::1:3306
Stack: Error: connect ECONNREFUSED ::1:3306
    at TCPConnectWrap.afterConnect [as oncomplete] (node:net:1494:16)
    --------------------
    at Protocol._enqueue (C:\Dave_FullStack\..Projects\Secure Coding\Backend\node_modules\mysql\lib\protocol\Protocol.js:144:48)
    at Protocol.handshake (C:\Dave_FullStack\..Projects\Secure Coding\Backend\node_modules\mysql\lib\protocol\Protocol.js:51:23)
    at PoolConnection.connect (C:\Dave_FullStack\..Projects\Secure Coding\Backend\node_modules\mysql\lib\Connection.js:116:18)
    at Pool.getConnection (C:\Dave_FullStack\..Projects\Secure Coding\Backend\node_modules\mysql\lib\Pool.js:48:16)
    at Pool.query (C:\Dave_FullStack\..Projects\Secure Coding\Backend\node_modules\mysql\lib\Pool.js:202:8)
    at C:\Dave_FullStack\..Projects\Secure Coding\Backend\src\2-utils\dal.ts:13:20
    at new Promise (<anonymous>)
    at Object.execute (C:\Dave_FullStack\..Projects\Secure Coding\Backend\src\2-utils\dal.ts:12:12)
    at Object.<anonymous> (C:\Dave_FullStack\..Projects\Secure Coding\Backend\src\5-services\auth-service.ts:30:29)
    at step (C:\Dave_FullStack\..Projects\Secure Coding\Backend\src\5-services\auth-service.ts:33:23)
----------------------------------------------------------------------------------------------------
Mon, 07 Aug 2023 08:48:32 GMT
connect ECONNREFUSED ::1:3306
Stack: Error: connect ECONNREFUSED ::1:3306
    at TCPConnectWrap.afterConnect [as oncomplete] (node:net:1494:16)
    --------------------
    at Protocol._enqueue (C:\Dave_FullStack\..Projects\Secure Coding\Backend\node_modules\mysql\lib\protocol\Protocol.js:144:48)
    at Protocol.handshake (C:\Dave_FullStack\..Projects\Secure Coding\Backend\node_modules\mysql\lib\protocol\Protocol.js:51:23)
    at PoolConnection.connect (C:\Dave_FullStack\..Projects\Secure Coding\Backend\node_modules\mysql\lib\Connection.js:116:18)
    at Pool.getConnection (C:\Dave_FullStack\..Projects\Secure Coding\Backend\node_modules\mysql\lib\Pool.js:48:16)
    at Pool.query (C:\Dave_FullStack\..Projects\Secure Coding\Backend\node_modules\mysql\lib\Pool.js:202:8)
    at C:\Dave_FullStack\..Projects\Secure Coding\Backend\src\2-utils\dal.ts:13:20
    at new Promise (<anonymous>)
    at Object.execute (C:\Dave_FullStack\..Projects\Secure Coding\Backend\src\2-utils\dal.ts:12:12)
    at Object.<anonymous> (C:\Dave_FullStack\..Projects\Secure Coding\Backend\src\5-services\auth-service.ts:30:29)
    at step (C:\Dave_FullStack\..Projects\Secure Coding\Backend\src\5-services\auth-service.ts:33:23)
----------------------------------------------------------------------------------------------------
Mon, 07 Aug 2023 08:48:37 GMT
connect ECONNREFUSED ::1:3306
Stack: Error: connect ECONNREFUSED ::1:3306
    at TCPConnectWrap.afterConnect [as oncomplete] (node:net:1494:16)
    --------------------
    at Protocol._enqueue (C:\Dave_FullStack\..Projects\Secure Coding\Backend\node_modules\mysql\lib\protocol\Protocol.js:144:48)
    at Protocol.handshake (C:\Dave_FullStack\..Projects\Secure Coding\Backend\node_modules\mysql\lib\protocol\Protocol.js:51:23)
    at PoolConnection.connect (C:\Dave_FullStack\..Projects\Secure Coding\Backend\node_modules\mysql\lib\Connection.js:116:18)
    at Pool.getConnection (C:\Dave_FullStack\..Projects\Secure Coding\Backend\node_modules\mysql\lib\Pool.js:48:16)
    at Pool.query (C:\Dave_FullStack\..Projects\Secure Coding\Backend\node_modules\mysql\lib\Pool.js:202:8)
    at C:\Dave_FullStack\..Projects\Secure Coding\Backend\src\2-utils\dal.ts:13:20
    at new Promise (<anonymous>)
    at Object.execute (C:\Dave_FullStack\..Projects\Secure Coding\Backend\src\2-utils\dal.ts:12:12)
    at Object.<anonymous> (C:\Dave_FullStack\..Projects\Secure Coding\Backend\src\5-services\auth-service.ts:30:29)
    at step (C:\Dave_FullStack\..Projects\Secure Coding\Backend\src\5-services\auth-service.ts:33:23)
----------------------------------------------------------------------------------------------------
Mon, 07 Aug 2023 08:48:44 GMT
connect ECONNREFUSED ::1:3306
Stack: Error: connect ECONNREFUSED ::1:3306
    at TCPConnectWrap.afterConnect [as oncomplete] (node:net:1494:16)
    --------------------
    at Protocol._enqueue (C:\Dave_FullStack\..Projects\Secure Coding\Backend\node_modules\mysql\lib\protocol\Protocol.js:144:48)
    at Protocol.handshake (C:\Dave_FullStack\..Projects\Secure Coding\Backend\node_modules\mysql\lib\protocol\Protocol.js:51:23)
    at PoolConnection.connect (C:\Dave_FullStack\..Projects\Secure Coding\Backend\node_modules\mysql\lib\Connection.js:116:18)
    at Pool.getConnection (C:\Dave_FullStack\..Projects\Secure Coding\Backend\node_modules\mysql\lib\Pool.js:48:16)
    at Pool.query (C:\Dave_FullStack\..Projects\Secure Coding\Backend\node_modules\mysql\lib\Pool.js:202:8)
    at C:\Dave_FullStack\..Projects\Secure Coding\Backend\src\2-utils\dal.ts:13:20
    at new Promise (<anonymous>)
    at Object.execute (C:\Dave_FullStack\..Projects\Secure Coding\Backend\src\2-utils\dal.ts:12:12)
    at Object.<anonymous> (C:\Dave_FullStack\..Projects\Secure Coding\Backend\src\5-services\auth-service.ts:30:29)
    at step (C:\Dave_FullStack\..Projects\Secure Coding\Backend\src\5-services\auth-service.ts:33:23)
----------------------------------------------------------------------------------------------------
Mon, 07 Aug 2023 08:48:56 GMT
connect ECONNREFUSED ::1:3306
Stack: Error: connect ECONNREFUSED ::1:3306
    at TCPConnectWrap.afterConnect [as oncomplete] (node:net:1494:16)
    --------------------
    at Protocol._enqueue (C:\Dave_FullStack\..Projects\Secure Coding\Backend\node_modules\mysql\lib\protocol\Protocol.js:144:48)
    at Protocol.handshake (C:\Dave_FullStack\..Projects\Secure Coding\Backend\node_modules\mysql\lib\protocol\Protocol.js:51:23)
    at PoolConnection.connect (C:\Dave_FullStack\..Projects\Secure Coding\Backend\node_modules\mysql\lib\Connection.js:116:18)
    at Pool.getConnection (C:\Dave_FullStack\..Projects\Secure Coding\Backend\node_modules\mysql\lib\Pool.js:48:16)
    at Pool.query (C:\Dave_FullStack\..Projects\Secure Coding\Backend\node_modules\mysql\lib\Pool.js:202:8)
    at C:\Dave_FullStack\..Projects\Secure Coding\Backend\src\2-utils\dal.ts:13:20
    at new Promise (<anonymous>)
    at Object.execute (C:\Dave_FullStack\..Projects\Secure Coding\Backend\src\2-utils\dal.ts:12:12)
    at Object.<anonymous> (C:\Dave_FullStack\..Projects\Secure Coding\Backend\src\5-services\auth-service.ts:30:29)
    at step (C:\Dave_FullStack\..Projects\Secure Coding\Backend\src\5-services\auth-service.ts:33:23)
----------------------------------------------------------------------------------------------------
Mon, 07 Aug 2023 08:49:30 GMT
connect ECONNREFUSED ::1:3306
Stack: Error: connect ECONNREFUSED ::1:3306
    at TCPConnectWrap.afterConnect [as oncomplete] (node:net:1494:16)
    --------------------
    at Protocol._enqueue (C:\Dave_FullStack\..Projects\Secure Coding\Backend\node_modules\mysql\lib\protocol\Protocol.js:144:48)
    at Protocol.handshake (C:\Dave_FullStack\..Projects\Secure Coding\Backend\node_modules\mysql\lib\protocol\Protocol.js:51:23)
    at PoolConnection.connect (C:\Dave_FullStack\..Projects\Secure Coding\Backend\node_modules\mysql\lib\Connection.js:116:18)
    at Pool.getConnection (C:\Dave_FullStack\..Projects\Secure Coding\Backend\node_modules\mysql\lib\Pool.js:48:16)
    at Pool.query (C:\Dave_FullStack\..Projects\Secure Coding\Backend\node_modules\mysql\lib\Pool.js:202:8)
    at C:\Dave_FullStack\..Projects\Secure Coding\Backend\src\2-utils\dal.ts:13:20
    at new Promise (<anonymous>)
    at Object.execute (C:\Dave_FullStack\..Projects\Secure Coding\Backend\src\2-utils\dal.ts:12:12)
    at Object.<anonymous> (C:\Dave_FullStack\..Projects\Secure Coding\Backend\src\5-services\auth-service.ts:30:29)
    at step (C:\Dave_FullStack\..Projects\Secure Coding\Backend\src\5-services\auth-service.ts:33:23)
----------------------------------------------------------------------------------------------------
Mon, 07 Aug 2023 08:49:55 GMT
connect ECONNREFUSED ::1:3306
Stack: Error: connect ECONNREFUSED ::1:3306
    at TCPConnectWrap.afterConnect [as oncomplete] (node:net:1494:16)
    --------------------
    at Protocol._enqueue (C:\Dave_FullStack\..Projects\Secure Coding\Backend\node_modules\mysql\lib\protocol\Protocol.js:144:48)
    at Protocol.handshake (C:\Dave_FullStack\..Projects\Secure Coding\Backend\node_modules\mysql\lib\protocol\Protocol.js:51:23)
    at PoolConnection.connect (C:\Dave_FullStack\..Projects\Secure Coding\Backend\node_modules\mysql\lib\Connection.js:116:18)
    at Pool.getConnection (C:\Dave_FullStack\..Projects\Secure Coding\Backend\node_modules\mysql\lib\Pool.js:48:16)
    at Pool.query (C:\Dave_FullStack\..Projects\Secure Coding\Backend\node_modules\mysql\lib\Pool.js:202:8)
    at C:\Dave_FullStack\..Projects\Secure Coding\Backend\src\2-utils\dal.ts:13:20
    at new Promise (<anonymous>)
    at Object.execute (C:\Dave_FullStack\..Projects\Secure Coding\Backend\src\2-utils\dal.ts:12:12)
    at Object.<anonymous> (C:\Dave_FullStack\..Projects\Secure Coding\Backend\src\5-services\auth-service.ts:30:29)
    at step (C:\Dave_FullStack\..Projects\Secure Coding\Backend\src\5-services\auth-service.ts:33:23)
----------------------------------------------------------------------------------------------------
Mon, 07 Aug 2023 08:50:19 GMT
connect ECONNREFUSED ::1:3306
Stack: Error: connect ECONNREFUSED ::1:3306
    at TCPConnectWrap.afterConnect [as oncomplete] (node:net:1494:16)
    --------------------
    at Protocol._enqueue (C:\Dave_FullStack\..Projects\Secure Coding\Backend\node_modules\mysql\lib\protocol\Protocol.js:144:48)
    at Protocol.handshake (C:\Dave_FullStack\..Projects\Secure Coding\Backend\node_modules\mysql\lib\protocol\Protocol.js:51:23)
    at PoolConnection.connect (C:\Dave_FullStack\..Projects\Secure Coding\Backend\node_modules\mysql\lib\Connection.js:116:18)
    at Pool.getConnection (C:\Dave_FullStack\..Projects\Secure Coding\Backend\node_modules\mysql\lib\Pool.js:48:16)
    at Pool.query (C:\Dave_FullStack\..Projects\Secure Coding\Backend\node_modules\mysql\lib\Pool.js:202:8)
    at C:\Dave_FullStack\..Projects\Secure Coding\Backend\src\2-utils\dal.ts:13:20
    at new Promise (<anonymous>)
    at Object.execute (C:\Dave_FullStack\..Projects\Secure Coding\Backend\src\2-utils\dal.ts:12:12)
    at Object.<anonymous> (C:\Dave_FullStack\..Projects\Secure Coding\Backend\src\5-services\auth-service.ts:30:29)
    at step (C:\Dave_FullStack\..Projects\Secure Coding\Backend\src\5-services\auth-service.ts:33:23)
----------------------------------------------------------------------------------------------------
Mon, 07 Aug 2023 08:52:20 GMT
Incorrect username or password
----------------------------------------------------------------------------------------------------
Mon, 07 Aug 2023 09:02:03 GMT
Incorrect username or password
----------------------------------------------------------------------------------------------------
Mon, 07 Aug 2023 11:31:50 GMT
Incorrect username or password
----------------------------------------------------------------------------------------------------
Mon, 07 Aug 2023 12:03:14 GMT
ER_PARSE_ERROR: You have an error in your SQL syntax; check the manual that corresponds to your MariaDB server version for the right syntax to use near 'color: red'> HELLO </h1>')' at line 1
Stack: Error: ER_PARSE_ERROR: You have an error in your SQL syntax; check the manual that corresponds to your MariaDB server version for the right syntax to use near 'color: red'> HELLO </h1>')' at line 1
    at Query.Sequence._packetToError (C:\Dave_FullStack\..Projects\Secure Coding\Backend\node_modules\mysql\lib\protocol\sequences\Sequence.js:47:14)
    at Query.ErrorPacket (C:\Dave_FullStack\..Projects\Secure Coding\Backend\node_modules\mysql\lib\protocol\sequences\Query.js:79:18)
    at Protocol._parsePacket (C:\Dave_FullStack\..Projects\Secure Coding\Backend\node_modules\mysql\lib\protocol\Protocol.js:291:23)
    at Parser._parsePacket (C:\Dave_FullStack\..Projects\Secure Coding\Backend\node_modules\mysql\lib\protocol\Parser.js:433:10)
    at Parser.write (C:\Dave_FullStack\..Projects\Secure Coding\Backend\node_modules\mysql\lib\protocol\Parser.js:43:10)
    at Protocol.write (C:\Dave_FullStack\..Projects\Secure Coding\Backend\node_modules\mysql\lib\protocol\Protocol.js:38:16)
    at Socket.<anonymous> (C:\Dave_FullStack\..Projects\Secure Coding\Backend\node_modules\mysql\lib\Connection.js:88:28)
    at Socket.<anonymous> (C:\Dave_FullStack\..Projects\Secure Coding\Backend\node_modules\mysql\lib\Connection.js:526:10)
    at Socket.emit (node:events:513:28)
    at Socket.emit (node:domain:489:12)
    --------------------
    at Pool.query (C:\Dave_FullStack\..Projects\Secure Coding\Backend\node_modules\mysql\lib\Pool.js:199:23)
    at C:\Dave_FullStack\..Projects\Secure Coding\Backend\src\2-utils\dal.ts:13:20
    at new Promise (<anonymous>)
    at Object.execute (C:\Dave_FullStack\..Projects\Secure Coding\Backend\src\2-utils\dal.ts:12:12)
    at Object.<anonymous> (C:\Dave_FullStack\..Projects\Secure Coding\Backend\src\5-services\forum-service.ts:22:38)
    at step (C:\Dave_FullStack\..Projects\Secure Coding\Backend\src\5-services\forum-service.ts:33:23)
    at Object.next (C:\Dave_FullStack\..Projects\Secure Coding\Backend\src\5-services\forum-service.ts:14:53)
    at C:\Dave_FullStack\..Projects\Secure Coding\Backend\src\5-services\forum-service.ts:8:71
    at new Promise (<anonymous>)
    at __awaiter (C:\Dave_FullStack\..Projects\Secure Coding\Backend\src\5-services\forum-service.ts:4:12)
----------------------------------------------------------------------------------------------------
Mon, 07 Aug 2023 12:03:17 GMT
ER_PARSE_ERROR: You have an error in your SQL syntax; check the manual that corresponds to your MariaDB server version for the right syntax to use near 'color: red'> HELLO </h1>')' at line 1
Stack: Error: ER_PARSE_ERROR: You have an error in your SQL syntax; check the manual that corresponds to your MariaDB server version for the right syntax to use near 'color: red'> HELLO </h1>')' at line 1
    at Query.Sequence._packetToError (C:\Dave_FullStack\..Projects\Secure Coding\Backend\node_modules\mysql\lib\protocol\sequences\Sequence.js:47:14)
    at Query.ErrorPacket (C:\Dave_FullStack\..Projects\Secure Coding\Backend\node_modules\mysql\lib\protocol\sequences\Query.js:79:18)
    at Protocol._parsePacket (C:\Dave_FullStack\..Projects\Secure Coding\Backend\node_modules\mysql\lib\protocol\Protocol.js:291:23)
    at Parser._parsePacket (C:\Dave_FullStack\..Projects\Secure Coding\Backend\node_modules\mysql\lib\protocol\Parser.js:433:10)
    at Parser.write (C:\Dave_FullStack\..Projects\Secure Coding\Backend\node_modules\mysql\lib\protocol\Parser.js:43:10)
    at Protocol.write (C:\Dave_FullStack\..Projects\Secure Coding\Backend\node_modules\mysql\lib\protocol\Protocol.js:38:16)
    at Socket.<anonymous> (C:\Dave_FullStack\..Projects\Secure Coding\Backend\node_modules\mysql\lib\Connection.js:88:28)
    at Socket.<anonymous> (C:\Dave_FullStack\..Projects\Secure Coding\Backend\node_modules\mysql\lib\Connection.js:526:10)
    at Socket.emit (node:events:513:28)
    at Socket.emit (node:domain:489:12)
    --------------------
    at Pool.query (C:\Dave_FullStack\..Projects\Secure Coding\Backend\node_modules\mysql\lib\Pool.js:199:23)
    at C:\Dave_FullStack\..Projects\Secure Coding\Backend\src\2-utils\dal.ts:13:20
    at new Promise (<anonymous>)
    at Object.execute (C:\Dave_FullStack\..Projects\Secure Coding\Backend\src\2-utils\dal.ts:12:12)
    at Object.<anonymous> (C:\Dave_FullStack\..Projects\Secure Coding\Backend\src\5-services\forum-service.ts:22:38)
    at step (C:\Dave_FullStack\..Projects\Secure Coding\Backend\src\5-services\forum-service.ts:33:23)
    at Object.next (C:\Dave_FullStack\..Projects\Secure Coding\Backend\src\5-services\forum-service.ts:14:53)
    at C:\Dave_FullStack\..Projects\Secure Coding\Backend\src\5-services\forum-service.ts:8:71
    at new Promise (<anonymous>)
    at __awaiter (C:\Dave_FullStack\..Projects\Secure Coding\Backend\src\5-services\forum-service.ts:4:12)
----------------------------------------------------------------------------------------------------
